C:\Users\STL3\Documents\GitHub\DirectX11\Shared-Technology\KichunKwon\DirectX11Engine\DirectX11Engine\PixelShader.hlsl(12,9-71): warning X3206: implicit truncation of vector type
  
  compilation object save succeeded; see C:\Users\STL3\Documents\GitHub\DirectX11\Shared-Technology\KichunKwon\DirectX11Engine\x64\Debug\PixelShader.cso
  compilation object save succeeded; see C:\Users\STL3\Documents\GitHub\DirectX11\Shared-Technology\KichunKwon\DirectX11Engine\x64\Debug\VertexShader.cso
  AdapterReader.cpp
  Engine.cpp
  ErrorLogger.cpp
  Graphics.cpp
C:\Users\STL3\Documents\GitHub\DirectX11\Shared-Technology\KichunKwon\DirectX11Engine\DirectX11Engine\Graphics\Graphics.cpp(167,22): warning C4244: '=': 'int'에서 'FLOAT'(으)로 변환하면서 데이터가 손실될 수 있습니다.
C:\Users\STL3\Documents\GitHub\DirectX11\Shared-Technology\KichunKwon\DirectX11Engine\DirectX11Engine\Graphics\Graphics.cpp(168,23): warning C4244: '=': 'int'에서 'FLOAT'(으)로 변환하면서 데이터가 손실될 수 있습니다.
  KeyboardClass.cpp
  KeyboardEvent.cpp
  Main.cpp
  MouseClass.cpp
  MouseEvent.cpp
  RenderWindow.cpp
  Shaders.cpp
  StringConverter.cpp
  WindowContainer.cpp
  코드를 생성하고 있습니다...
C:\Users\STL3\Documents\GitHub\DirectX11\Shared-Technology\KichunKwon\DirectX11Engine\DirectX11Engine\WindowContainer.cpp(151): warning C4715: 'WindowContainer::WindowProc': 모든 제어 경로에서 값을 반환하지는 않습니다.
  DirectX 11 Engine VS2017.vcxproj -> C:\Users\STL3\Documents\GitHub\DirectX11\Shared-Technology\KichunKwon\DirectX11Engine\x64\Debug\DirectX11Engine.exe
